<?xml version="1.0" encoding="UTF-8" ?>
<testsuite tests="9" failures="0" name="runners.TestRunner" time="0.649" errors="0" skipped="0">
  <properties>
[...]
</properties>
  <testcase classname="Scenario: Verify an invalid login" name="Given User opens the website" time="0.017"/>
  <testcase classname="Scenario: Verify an invalid login" name="When User clicks Login button" time="0.001"/>
  <testcase classname="Scenario: Verify an invalid login" name="Then User should be redirected to Login page" time="0"/>
  <testcase classname="Scenario: Verify an invalid login" name="When User enters &quot;abc@gmail.com&quot; in Email address field" time="0"/>
  <testcase classname="Scenario: Verify an invalid login" name="And User enters &quot;qqqq&quot; in Password field" time="0.001"/>
  <testcase classname="Scenario: Verify an invalid login" name="And User clicks the Sign in buttton" time="0"/>
  <testcase classname="Scenario: Verify an invalid login" name="Then User should be redirected to login page" time="0"/>
  <testcase classname="Scenario: Verify an invalid login" name="And User can see the authentication failure message as &quot;Authentication failed.&quot;" time="0"/>
  <testcase classname="Scenario: Verify an invalid login" name="Scenario: Verify an invalid login" time="0.63"/>
</testsuite>